This is pdfTeX, Version 3.141592653-2.6-1.40.27 (MiKTeX 25.4) (preloaded format=pdflatex 2025.9.10)  11 SEP 2025 00:17
entering extended mode
 restricted \write18 enabled.
 %&-line parsing enabled.
**./RKTA-ArloDanteHananvyasa-6182201010.tex
(RKTA-ArloDanteHananvyasa-6182201010.tex
LaTeX2e <2025-06-01> patch level 1
L3 programming layer <2025-08-13>
(C:\Users\User\AppData\Local\Programs\MiKTeX\tex/latex/base\article.cls
Document Class: article 2025/01/22 v1.4n Standard LaTeX document class
(C:\Users\User\AppData\Local\Programs\MiKTeX\tex/latex/base\size12.clo
File: size12.clo 2025/01/22 v1.4n Standard LaTeX file (size option)
)
\c@part=\count275
\c@section=\count276
\c@subsection=\count277
\c@subsubsection=\count278
\c@paragraph=\count279
\c@subparagraph=\count280
\c@figure=\count281
\c@table=\count282
\abovecaptionskip=\skip49
\belowcaptionskip=\skip50
\bibindent=\dimen148
)
(C:\Users\User\AppData\Local\Programs\MiKTeX\tex/latex/base\inputenc.sty
Package: inputenc 2024/02/08 v1.3d Input encoding file
\inpenc@prehook=\toks17
\inpenc@posthook=\toks18
)
(C:\Users\User\AppData\Local\Programs\MiKTeX\tex/latex/enumitem\enumitem.sty
Package: enumitem 2025/02/06 v3.11 Customized lists
\enitkv@toks@=\toks19
\labelindent=\skip51
\enit@outerparindent=\dimen149
\enit@toks=\toks20
\enit@inbox=\box53
\enit@count@id=\count283
\enitdp@description=\count284
)
(C:\Users\User\AppData\Local\Programs\MiKTeX\tex/latex/geometry\geometry.sty
Package: geometry 2020/01/02 v5.9 Page Geometry

(C:\Users\User\AppData\Local\Programs\MiKTeX\tex/latex/graphics\keyval.sty
Package: keyval 2022/05/29 v1.15 key=value parser (DPC)
\KV@toks@=\toks21
)
(C:\Users\User\AppData\Local\Programs\MiKTeX\tex/generic/iftex\ifvtex.sty
Package: ifvtex 2019/10/25 v1.7 ifvtex legacy package. Use iftex instead.

(C:\Users\User\AppData\Local\Programs\MiKTeX\tex/generic/iftex\iftex.sty
Package: iftex 2024/12/12 v1.0g TeX engine tests
))
\Gm@cnth=\count285
\Gm@cntv=\count286
\c@Gm@tempcnt=\count287
\Gm@bindingoffset=\dimen150
\Gm@wd@mp=\dimen151
\Gm@odd@mp=\dimen152
\Gm@even@mp=\dimen153
\Gm@layoutwidth=\dimen154
\Gm@layoutheight=\dimen155
\Gm@layouthoffset=\dimen156
\Gm@layoutvoffset=\dimen157
\Gm@dimlist=\toks22

(C:\Users\User\AppData\Local\Programs\MiKTeX\tex/latex/geometry\geometry.cfg))
(C:\Users\User\AppData\Local\Programs\MiKTeX\tex/latex/fancyhdr\fancyhdr.sty
Package: fancyhdr 2025/02/07 v5.2 Extensive control of page headers and footers

\f@nch@headwidth=\skip52
\f@nch@offset@elh=\skip53
\f@nch@offset@erh=\skip54
\f@nch@offset@olh=\skip55
\f@nch@offset@orh=\skip56
\f@nch@offset@elf=\skip57
\f@nch@offset@erf=\skip58
\f@nch@offset@olf=\skip59
\f@nch@offset@orf=\skip60
\f@nch@height=\skip61
\f@nch@footalignment=\skip62
\f@nch@widthL=\skip63
\f@nch@widthC=\skip64
\f@nch@widthR=\skip65
\@temptokenb=\toks23
)
(C:\Users\User\AppData\Local\Programs\MiKTeX\tex/latex/l3backend\l3backend-pdft
ex.def
File: l3backend-pdftex.def 2025-06-09 L3 backend support: PDF output (pdfTeX)
\l__color_backend_stack_int=\count288
) (RKTA-ArloDanteHananvyasa-6182201010.aux)
\openout1 = `RKTA-ArloDanteHananvyasa-6182201010.aux'.

LaTeX Font Info:    Checking defaults for OML/cmm/m/it on input line 17.
LaTeX Font Info:    ... okay on input line 17.
LaTeX Font Info:    Checking defaults for OMS/cmsy/m/n on input line 17.
LaTeX Font Info:    ... okay on input line 17.
LaTeX Font Info:    Checking defaults for OT1/cmr/m/n on input line 17.
LaTeX Font Info:    ... okay on input line 17.
LaTeX Font Info:    Checking defaults for T1/cmr/m/n on input line 17.
LaTeX Font Info:    ... okay on input line 17.
LaTeX Font Info:    Checking defaults for TS1/cmr/m/n on input line 17.
LaTeX Font Info:    ... okay on input line 17.
LaTeX Font Info:    Checking defaults for OMX/cmex/m/n on input line 17.
LaTeX Font Info:    ... okay on input line 17.
LaTeX Font Info:    Checking defaults for U/cmr/m/n on input line 17.
LaTeX Font Info:    ... okay on input line 17.

*geometry* driver: auto-detecting
*geometry* detected driver: pdftex
*geometry* verbose mode - [ preamble ] result:
* driver: pdftex
* paper: a4paper
* layout: <same size as paper>
* layoutoffset:(h,v)=(0.0pt,0.0pt)
* modes: 
* h-part:(L,W,R)=(85.35826pt, 426.79135pt, 85.35826pt)
* v-part:(T,H,B)=(85.35826pt, 674.33032pt, 85.35826pt)
* \paperwidth=597.50787pt
* \paperheight=845.04684pt
* \textwidth=426.79135pt
* \textheight=674.33032pt
* \oddsidemargin=13.08827pt
* \evensidemargin=13.08827pt
* \topmargin=-23.91173pt
* \headheight=8.0pt
* \headsep=25.0pt
* \topskip=12.0pt
* \footskip=30.0pt
* \marginparwidth=35.0pt
* \marginparsep=10.0pt
* \columnsep=10.0pt
* \skip\footins=10.8pt plus 4.0pt minus 2.0pt
* \hoffset=0.0pt
* \voffset=0.0pt
* \mag=1000
* \@twocolumnfalse
* \@twosidefalse
* \@mparswitchfalse
* \@reversemarginfalse
* (1in=72.27pt=25.4mm, 1cm=28.453pt)


Overfull \hbox (12.24925pt too wide) in paragraph at lines 24--28
\OT1/cmr/bx/n/12 Topik: \OT1/cmr/m/n/12 Pem-ban-gu-nan Perangkat Lu-nak dan Pen
ye-le-sa-ian Per-mainan \OT1/cmr/m/it/12 Coloured Queens 
 []


Underfull \hbox (badness 10000) in paragraph at lines 24--28

 []

LaTeX Font Info:    External font `cmex10' loaded for size
(Font)              <12> on input line 30.
LaTeX Font Info:    External font `cmex10' loaded for size
(Font)              <8> on input line 30.
LaTeX Font Info:    External font `cmex10' loaded for size
(Font)              <6> on input line 30.



Package fancyhdr Warning: \headheight is too small (8.0pt): 
(fancyhdr)                Make it at least 9.49998pt, for example:
(fancyhdr)                \setlength{\headheight}{9.49998pt}.
(fancyhdr)                You might also make \topmargin smaller:
(fancyhdr)                \addtolength{\topmargin}{-1.49998pt}.

[1{C:/Users/User/AppData/Local/MiKTeX/fonts/map/pdftex/pdftex.map}

]
Overfull \hbox (13.56416pt too wide) in paragraph at lines 41--42
[]\OT1/cmr/m/n/12 Bagaimana mem-o-d-elkan per-masala-han  \OT1/cmr/m/it/12 Colo
ured Queens \OT1/cmr/m/n/12 se-hingga da-pat diproses
 []


Overfull \hbox (11.03877pt too wide) in paragraph at lines 43--44
[]\OT1/cmr/m/n/12 Bagaimana mengim-ple-men-tasikan al-go-ritma pen-car-ian \OT1
/cmr/m/it/12 Back-track-ing \OT1/cmr/m/n/12 serta teknik
 []


Overfull \hbox (9.97356pt too wide) in paragraph at lines 63--64
[]\OT1/cmr/m/n/12 Merancang dan mengim-ple-men-tasikan an-tar-muka in-ter-ak-ti
f yang memu-ngkinkan
 []




Package fancyhdr Warning: \headheight is too small (8.0pt): 
(fancyhdr)                Make it at least 9.49998pt, for example:
(fancyhdr)                \setlength{\headheight}{9.49998pt}.
(fancyhdr)                You might also make \topmargin smaller:
(fancyhdr)                \addtolength{\topmargin}{-1.49998pt}.

[2]
Overfull \hbox (1.39171pt too wide) in paragraph at lines 72--73
[]\OT1/cmr/m/n/12 Perangakat lu-nak da-pat mem-berikan hint kepada peng-guna ap
a-bila ke-susahkan
 []


Overfull \hbox (9.34193pt too wide) in paragraph at lines 82--83
[]\OT1/cmr/m/n/12 Mengumpulkan dan menyusun berba-gai ske-nario per-masala-han 
\OT1/cmr/m/it/12 Coloured Queens
 []


Overfull \hbox (3.84256pt too wide) in paragraph at lines 88--89
[]\OT1/cmr/m/n/12 Merancang ar-sitek-tur sis-tem serta an-tar-muka peng-guna un
-tuk ap-likasi \OT1/cmr/m/it/12 Coloured
 []




Package fancyhdr Warning: \headheight is too small (8.0pt): 
(fancyhdr)                Make it at least 9.49998pt, for example:
(fancyhdr)                \setlength{\headheight}{9.49998pt}.
(fancyhdr)                You might also make \topmargin smaller:
(fancyhdr)                \addtolength{\topmargin}{-1.49998pt}.

[3]
Overfull \hbox (1.76442pt too wide) in paragraph at lines 123--124
[]\OT1/cmr/m/n/12 Mengembangkan an-tar-muka peng-guna (fron-tend) yang ter-hubu
ng den-gan \OT1/cmr/m/it/12 back-
 []




Package fancyhdr Warning: \headheight is too small (8.0pt): 
(fancyhdr)                Make it at least 9.49998pt, for example:
(fancyhdr)                \setlength{\headheight}{9.49998pt}.
(fancyhdr)                You might also make \topmargin smaller:
(fancyhdr)                \addtolength{\topmargin}{-1.49998pt}.

[4]


Package fancyhdr Warning: \headheight is too small (8.0pt): 
(fancyhdr)                Make it at least 9.49998pt, for example:
(fancyhdr)                \setlength{\headheight}{9.49998pt}.
(fancyhdr)                You might also make \topmargin smaller:
(fancyhdr)                \addtolength{\topmargin}{-1.49998pt}.

[5] (RKTA-ArloDanteHananvyasa-6182201010.aux)
 ***********
LaTeX2e <2025-06-01> patch level 1
L3 programming layer <2025-08-13>
 ***********
 ) 
Here is how much of TeX's memory you used:
 1780 strings out of 468133
 31351 string characters out of 5431196
 444834 words of memory out of 5000000
 30437 multiletter control sequences out of 15000+600000
 632072 words of font info for 57 fonts, out of 8000000 for 9000
 1141 hyphenation exceptions out of 8191
 57i,13n,65p,808b,468s stack positions out of 10000i,1000n,20000p,200000b,200000s
 <C:\Users\User\AppData\Local\MiKTeX\fonts/pk/ljfour/jknappen/ec/dpi600\tcrm1
200.pk><C:/Users/User/AppData/Local/Programs/MiKTeX/fonts/type1/public/amsfonts
/cm/cmbx12.pfb><C:/Users/User/AppData/Local/Programs/MiKTeX/fonts/type1/public/
amsfonts/cm/cmbx8.pfb><C:/Users/User/AppData/Local/Programs/MiKTeX/fonts/type1/
public/amsfonts/cm/cmmi12.pfb><C:/Users/User/AppData/Local/Programs/MiKTeX/font
s/type1/public/amsfonts/cm/cmr12.pfb><C:/Users/User/AppData/Local/Programs/MiKT
eX/fonts/type1/public/amsfonts/cm/cmsy10.pfb><C:/Users/User/AppData/Local/Progr
ams/MiKTeX/fonts/type1/public/amsfonts/cm/cmti12.pfb>
Output written on RKTA-ArloDanteHananvyasa-6182201010.pdf (5 pages, 91856 bytes
).
PDF statistics:
 53 PDF objects out of 1000 (max. 8388607)
 0 named destinations out of 1000 (max. 500000)
 1 words of extra memory for PDF output out of 10000 (max. 10000000)

