\BOOKMARK [0][-]{section*.1}{\376\377\000D\000a\000f\000t\000a\000r\000\040\000I\000s\000i}{}% 1
\BOOKMARK [0][-]{section*.2}{\376\377\000D\000a\000f\000t\000a\000r\000\040\000G\000a\000m\000b\000a\000r}{}% 2
\BOOKMARK [0][-]{chapter.1}{\376\377\000P\000e\000n\000d\000a\000h\000u\000l\000u\000a\000n}{}% 3
\BOOKMARK [1][-]{section.1.1}{\376\377\000L\000a\000t\000a\000r\000\040\000B\000e\000l\000a\000k\000a\000n\000g}{chapter.1}% 4
\BOOKMARK [1][-]{section.1.2}{\376\377\000R\000u\000m\000u\000s\000a\000n\000\040\000M\000a\000s\000a\000l\000a\000h}{chapter.1}% 5
\BOOKMARK [1][-]{section.1.3}{\376\377\000T\000u\000j\000u\000a\000n}{chapter.1}% 6
\BOOKMARK [1][-]{section.1.4}{\376\377\000B\000a\000t\000a\000s\000a\000n\000\040\000M\000a\000s\000a\000l\000a\000h}{chapter.1}% 7
\BOOKMARK [1][-]{section.1.5}{\376\377\000M\000e\000t\000o\000d\000o\000l\000o\000g\000i}{chapter.1}% 8
\BOOKMARK [1][-]{section.1.6}{\376\377\000S\000i\000s\000t\000e\000m\000a\000t\000i\000k\000a\000\040\000P\000e\000m\000b\000a\000h\000a\000s\000a\000n}{chapter.1}% 9
\BOOKMARK [0][-]{chapter.2}{\376\377\000L\000a\000n\000d\000a\000s\000a\000n\000\040\000T\000e\000o\000r\000i}{}% 10
\BOOKMARK [1][-]{section.2.1}{\376\377\000P\000e\000r\000m\000a\000s\000a\000l\000a\000h\000a\000n\000\040\000N\000-\000Q\000u\000e\000e\000n\000s}{chapter.2}% 11
\BOOKMARK [2][-]{subsection.2.1.1}{\376\377\000D\000e\000f\000i\000n\000i\000s\000i\000\040\000d\000a\000n\000\040\000R\000e\000p\000r\000e\000s\000e\000n\000t\000a\000s\000i}{section.2.1}% 12
\BOOKMARK [2][-]{subsection.2.1.2}{\376\377\000A\000t\000u\000r\000a\000n\000\040\000K\000o\000n\000f\000l\000i\000k\000\040\000Q\000u\000e\000e\000n}{section.2.1}% 13
\BOOKMARK [2][-]{subsection.2.1.3}{\376\377\000K\000o\000m\000p\000l\000e\000k\000s\000i\000t\000a\000s\000\040\000d\000a\000n\000\040\000R\000e\000l\000e\000v\000a\000n\000s\000i}{section.2.1}% 14
\BOOKMARK [1][-]{section.2.2}{\376\377\000C\000o\000l\000o\000r\000e\000d\000\040\000Q\000u\000e\000e\000n\000s\000\040\000P\000r\000o\000b\000l\000e\000m}{chapter.2}% 15
\BOOKMARK [2][-]{subsection.2.2.1}{\376\377\000D\000e\000f\000i\000n\000i\000s\000i\000\040\000d\000a\000n\000\040\000A\000t\000u\000r\000a\000n\000\040\000P\000e\000r\000m\000a\000i\000n\000a\000n}{section.2.2}% 16
\BOOKMARK [2][-]{subsection.2.2.2}{\376\377\000K\000o\000m\000p\000l\000e\000k\000s\000i\000t\000a\000s\000\040\000d\000a\000n\000\040\000S\000t\000r\000u\000k\000t\000u\000r\000\040\000M\000a\000s\000a\000l\000a\000h}{section.2.2}% 17
\BOOKMARK [2][-]{subsection.2.2.3}{\376\377\000P\000o\000s\000i\000s\000i\000\040\000d\000a\000n\000\040\000R\000e\000l\000e\000v\000a\000n\000s\000i\000\040\000P\000e\000n\000e\000l\000i\000t\000i\000a\000n}{section.2.2}% 18
\BOOKMARK [1][-]{section.2.3}{\376\377\000C\000o\000n\000s\000t\000r\000a\000i\000n\000t\000\040\000S\000a\000t\000i\000s\000f\000a\000c\000t\000i\000o\000n\000\040\000P\000r\000o\000b\000l\000e\000m}{chapter.2}% 19
\BOOKMARK [2][-]{subsection.2.3.1}{\376\377\000D\000e\000f\000i\000n\000i\000s\000i\000\040\000d\000a\000n\000\040\000K\000o\000m\000p\000o\000n\000e\000n\000\040\000C\000S\000P}{section.2.3}% 20
\BOOKMARK [2][-]{subsection.2.3.2}{\376\377\000T\000e\000k\000n\000i\000k\000\040\000R\000e\000p\000r\000e\000s\000e\000n\000t\000a\000s\000i}{section.2.3}% 21
\BOOKMARK [2][-]{subsection.2.3.3}{\376\377\000P\000e\000m\000o\000d\000e\000l\000a\000n\000\040\000C\000o\000l\000o\000r\000e\000d\000\040\000Q\000u\000e\000e\000n\000s\000\040\000s\000e\000b\000a\000g\000a\000i\000\040\000C\000S\000P}{section.2.3}% 22
\BOOKMARK [1][-]{section.2.4}{\376\377\000T\000e\000k\000n\000i\000k\000\040\000P\000e\000n\000y\000e\000l\000e\000s\000a\000i\000a\000n\000\040\000C\000S\000P}{chapter.2}% 23
\BOOKMARK [2][-]{subsection.2.4.1}{\376\377\000A\000l\000g\000o\000r\000i\000t\000m\000a\000\040\000S\000i\000s\000t\000e\000m\000a\000t\000i\000s}{section.2.4}% 24
\BOOKMARK [2][-]{subsection.2.4.2}{\376\377\000M\000e\000t\000a\000h\000e\000u\000r\000i\000s\000t\000i\000c}{section.2.4}% 25
\BOOKMARK [1][-]{section.2.5}{\376\377\000P\000e\000r\000b\000a\000n\000d\000i\000n\000g\000a\000n\000\040\000P\000e\000n\000d\000e\000k\000a\000t\000a\000n}{chapter.2}% 26
\BOOKMARK [2][-]{subsection.2.5.1}{\376\377\000A\000l\000g\000o\000r\000i\000t\000m\000a\000\040\000C\000o\000m\000p\000l\000e\000t\000e\000\040\000v\000s\000\040\000M\000e\000t\000a\000h\000e\000u\000r\000i\000s\000t\000i\000c}{section.2.5}% 27
\BOOKMARK [2][-]{subsection.2.5.2}{\376\377\000B\000a\000c\000k\000t\000r\000a\000c\000k\000i\000n\000g\000+\000F\000C\000+\000A\000C\000-\0003\000\040\000v\000s\000\040\000P\000S\000O\000\040\000u\000n\000t\000u\000k\000\040\000C\000o\000l\000o\000r\000e\000d\000\040\000Q\000u\000e\000e\000n\000s}{section.2.5}% 28
\BOOKMARK [2][-]{subsection.2.5.3}{\376\377\000J\000u\000s\000t\000i\000f\000i\000k\000a\000s\000i\000\040\000P\000e\000m\000i\000l\000i\000h\000a\000n\000\040\000M\000e\000t\000o\000d\000e}{section.2.5}% 29
\BOOKMARK [0][-]{chapter.3}{\376\377\000M\000e\000t\000o\000d\000o\000l\000o\000g\000i\000\040\000P\000e\000n\000e\000l\000i\000t\000i\000a\000n}{}% 30
\BOOKMARK [1][-]{section.3.1}{\376\377\000G\000a\000m\000b\000a\000r\000a\000n\000\040\000U\000m\000u\000m\000\040\000P\000e\000n\000e\000l\000i\000t\000i\000a\000n}{chapter.3}% 31
\BOOKMARK [1][-]{section.3.2}{\376\377\000P\000e\000m\000o\000d\000e\000l\000a\000n\000\040\000P\000e\000r\000m\000a\000s\000a\000l\000a\000h\000a\000n\000\040\000C\000o\000l\000o\000r\000e\000d\000\040\000Q\000u\000e\000e\000n\000s\000\040\000s\000e\000b\000a\000g\000a\000i\000\040\000C\000S\000P}{chapter.3}% 32
\BOOKMARK [2][-]{subsection.3.2.1}{\376\377\000R\000e\000p\000r\000e\000s\000e\000n\000t\000a\000s\000i\000\040\000P\000a\000p\000a\000n}{section.3.2}% 33
\BOOKMARK [2][-]{subsection.3.2.2}{\376\377\000D\000e\000f\000i\000n\000i\000s\000i\000\040\000V\000a\000r\000i\000a\000b\000e\000l}{section.3.2}% 34
\BOOKMARK [2][-]{subsection.3.2.3}{\376\377\000D\000e\000f\000i\000n\000i\000s\000i\000\040\000D\000o\000m\000a\000i\000n}{section.3.2}% 35
\BOOKMARK [2][-]{subsection.3.2.4}{\376\377\000D\000e\000f\000i\000n\000i\000s\000i\000\040\000C\000o\000n\000s\000t\000r\000a\000i\000n\000t}{section.3.2}% 36
\BOOKMARK [2][-]{subsection.3.2.5}{\376\377\000R\000e\000p\000r\000e\000s\000e\000n\000t\000a\000s\000i\000\040\000S\000o\000l\000u\000s\000i}{section.3.2}% 37
\BOOKMARK [1][-]{section.3.3}{\376\377\000P\000e\000r\000a\000n\000c\000a\000n\000g\000a\000n\000\040\000A\000l\000g\000o\000r\000i\000t\000m\000a\000\040\000B\000a\000c\000k\000t\000r\000a\000c\000k\000i\000n\000g\000\040\000d\000e\000n\000g\000a\000n\000\040\000F\000o\000r\000w\000a\000r\000d\000\040\000C\000h\000e\000c\000k\000i\000n\000g\000\040\000d\000a\000n\000\040\000A\000C\000-\0003}{chapter.3}% 38
\BOOKMARK [2][-]{subsection.3.3.1}{\376\377\000A\000l\000u\000r\000\040\000D\000a\000s\000a\000r\000\040\000B\000a\000c\000k\000t\000r\000a\000c\000k\000i\000n\000g}{section.3.3}% 39
\BOOKMARK [2][-]{subsection.3.3.2}{\376\377\000P\000e\000m\000e\000r\000i\000k\000s\000a\000a\000n\000\040\000C\000o\000n\000s\000t\000r\000a\000i\000n\000t}{section.3.3}% 40
\BOOKMARK [2][-]{subsection.3.3.3}{\376\377\000M\000e\000k\000a\000n\000i\000s\000m\000e\000\040\000P\000e\000m\000a\000n\000g\000k\000a\000s\000a\000n\000:\000\040\000F\000o\000r\000w\000a\000r\000d\000\040\000C\000h\000e\000c\000k\000i\000n\000g\000\040\000d\000a\000n\000\040\000A\000C\000-\0003}{section.3.3}% 41
\BOOKMARK [2][-]{subsection.3.3.4}{\376\377\000S\000t\000r\000a\000t\000e\000g\000i\000\040\000P\000e\000m\000i\000l\000i\000h\000a\000n\000\040\000V\000a\000r\000i\000a\000b\000e\000l}{section.3.3}% 42
\BOOKMARK [1][-]{section.3.4}{\376\377\000P\000e\000r\000a\000n\000c\000a\000n\000g\000a\000n\000\040\000A\000l\000g\000o\000r\000i\000t\000m\000a\000\040\000P\000a\000r\000t\000i\000c\000l\000e\000\040\000S\000w\000a\000r\000m\000\040\000O\000p\000t\000i\000m\000i\000z\000a\000t\000i\000o\000n\000\040\000D\000i\000s\000k\000r\000i\000t}{chapter.3}% 43
\BOOKMARK [2][-]{subsection.3.4.1}{\376\377\000R\000e\000p\000r\000e\000s\000e\000n\000t\000a\000s\000i\000\040\000P\000a\000r\000t\000i\000k\000e\000l}{section.3.4}% 44
\BOOKMARK [2][-]{subsection.3.4.2}{\376\377\000I\000n\000i\000s\000i\000a\000l\000i\000s\000a\000s\000i\000\040\000P\000o\000p\000u\000l\000a\000s\000i}{section.3.4}% 45
\BOOKMARK [2][-]{subsection.3.4.3}{\376\377\000F\000u\000n\000g\000s\000i\000\040\000F\000i\000t\000n\000e\000s\000s}{section.3.4}% 46
\BOOKMARK [2][-]{subsection.3.4.4}{\376\377\000T\000o\000p\000o\000l\000o\000g\000i\000\040\000N\000e\000i\000g\000h\000b\000o\000r\000h\000o\000o\000d}{section.3.4}% 47
\BOOKMARK [2][-]{subsection.3.4.5}{\376\377\000M\000e\000k\000a\000n\000i\000s\000m\000e\000\040\000P\000e\000m\000b\000a\000r\000u\000a\000n\000\040\000K\000e\000c\000e\000p\000a\000t\000a\000n\000\040\000d\000a\000n\000\040\000P\000o\000s\000i\000s\000i}{section.3.4}% 48
\BOOKMARK [2][-]{subsection.3.4.6}{\376\377\000D\000e\000t\000e\000k\000s\000i\000\040\000S\000t\000a\000g\000n\000a\000s\000i\000\040\000d\000a\000n\000\040\000T\000e\000r\000m\000i\000n\000a\000s\000i}{section.3.4}% 49
\BOOKMARK [2][-]{subsection.3.4.7}{\376\377\000P\000a\000r\000a\000m\000e\000t\000e\000r\000\040\000P\000S\000O}{section.3.4}% 50
\BOOKMARK [1][-]{section.3.5}{\376\377\000P\000e\000r\000a\000n\000c\000a\000n\000g\000a\000n\000\040\000P\000e\000r\000a\000n\000g\000k\000a\000t\000\040\000L\000u\000n\000a\000k}{chapter.3}% 51
\BOOKMARK [2][-]{subsection.3.5.1}{\376\377\000A\000r\000s\000i\000t\000e\000k\000t\000u\000r\000\040\000S\000i\000s\000t\000e\000m}{section.3.5}% 52
\BOOKMARK [2][-]{subsection.3.5.2}{\376\377\000S\000t\000r\000u\000k\000t\000u\000r\000\040\000P\000r\000o\000g\000r\000a\000m}{section.3.5}% 53
\BOOKMARK [2][-]{subsection.3.5.3}{\376\377\000A\000n\000t\000a\000r\000m\000u\000k\000a\000\040\000P\000e\000n\000g\000g\000u\000n\000a}{section.3.5}% 54
\BOOKMARK [2][-]{subsection.3.5.4}{\376\377\000T\000e\000k\000n\000o\000l\000o\000g\000i\000\040\000y\000a\000n\000g\000\040\000D\000i\000g\000u\000n\000a\000k\000a\000n}{section.3.5}% 55
\BOOKMARK [1][-]{section.3.6}{\376\377\000S\000k\000e\000n\000a\000r\000i\000o\000\040\000d\000a\000n\000\040\000M\000e\000t\000o\000d\000e\000\040\000P\000e\000n\000g\000u\000j\000i\000a\000n}{chapter.3}% 56
\BOOKMARK [2][-]{subsection.3.6.1}{\376\377\000D\000a\000t\000a\000s\000e\000t\000\040\000P\000u\000z\000z\000l\000e}{section.3.6}% 57
\BOOKMARK [2][-]{subsection.3.6.2}{\376\377\000P\000a\000r\000a\000m\000e\000t\000e\000r\000\040\000P\000e\000n\000g\000u\000j\000i\000a\000n}{section.3.6}% 58
\BOOKMARK [2][-]{subsection.3.6.3}{\376\377\000S\000k\000e\000n\000a\000r\000i\000o\000\040\000P\000e\000n\000g\000u\000j\000i\000a\000n}{section.3.6}% 59
\BOOKMARK [2][-]{subsection.3.6.4}{\376\377\000L\000i\000n\000g\000k\000u\000n\000g\000a\000n\000\040\000P\000e\000n\000g\000u\000j\000i\000a\000n}{section.3.6}% 60
\BOOKMARK [0][-]{chapter.4}{\376\377\000I\000m\000p\000l\000e\000m\000e\000n\000t\000a\000s\000i\000\040\000d\000a\000n\000\040\000P\000e\000n\000g\000u\000j\000i\000a\000n}{}% 61
\BOOKMARK [1][-]{section.4.1}{\376\377\000I\000m\000p\000l\000e\000m\000e\000n\000t\000a\000s\000i}{chapter.4}% 62
\BOOKMARK [2][-]{subsection.4.1.1}{\376\377\000I\000m\000p\000l\000e\000m\000e\000n\000t\000a\000s\000i\000\040\000S\000o\000l\000v\000e\000r\000\040\000B\000a\000c\000k\000t\000r\000a\000c\000k\000i\000n\000g\000\040\000d\000e\000n\000g\000a\000n\000\040\000F\000o\000r\000w\000a\000r\000d\000\040\000C\000h\000e\000c\000k\000i\000n\000g\000\040\000d\000a\000n\000\040\000A\000C\000-\0003}{section.4.1}% 63
\BOOKMARK [2][-]{subsection.4.1.2}{\376\377\000I\000m\000p\000l\000e\000m\000e\000n\000t\000a\000s\000i\000\040\000S\000o\000l\000v\000e\000r\000\040\000P\000S\000O\000\040\000D\000i\000s\000k\000r\000i\000t}{section.4.1}% 64
\BOOKMARK [2][-]{subsection.4.1.3}{\376\377\000I\000m\000p\000l\000e\000m\000e\000n\000t\000a\000s\000i\000\040\000A\000n\000t\000a\000r\000m\000u\000k\000a\000\040\000P\000e\000n\000g\000g\000u\000n\000a}{section.4.1}% 65
\BOOKMARK [2][-]{subsection.4.1.4}{\376\377\000I\000m\000p\000l\000e\000m\000e\000n\000t\000a\000s\000i\000\040\000K\000e\000r\000a\000n\000g\000k\000a\000\040\000P\000e\000n\000g\000u\000j\000i\000a\000n}{section.4.1}% 66
\BOOKMARK [2][-]{subsection.4.1.5}{\376\377\000I\000m\000p\000l\000e\000m\000e\000n\000t\000a\000s\000i\000\040\000K\000e\000r\000a\000n\000g\000k\000a\000\040\000P\000e\000n\000g\000u\000j\000i\000a\000n}{section.4.1}% 67
\BOOKMARK [1][-]{section.4.2}{\376\377\000H\000a\000s\000i\000l\000\040\000P\000e\000n\000g\000u\000j\000i\000a\000n}{chapter.4}% 68
\BOOKMARK [2][-]{subsection.4.2.1}{\376\377\000H\000a\000s\000i\000l\000\040\000P\000e\000n\000g\000u\000j\000i\000a\000n\000\040\000B\000a\000c\000k\000t\000r\000a\000c\000k\000i\000n\000g}{section.4.2}% 69
\BOOKMARK [2][-]{subsection.4.2.2}{\376\377\000H\000a\000s\000i\000l\000\040\000P\000e\000n\000g\000u\000j\000i\000a\000n\000\040\000V\000a\000r\000i\000a\000s\000i\000\040\000P\000a\000r\000a\000m\000e\000t\000e\000r\000\040\000P\000S\000O}{section.4.2}% 70
\BOOKMARK [2][-]{subsection.4.2.3}{\376\377\000H\000a\000s\000i\000l\000\040\000P\000e\000r\000b\000a\000n\000d\000i\000n\000g\000a\000n\000\040\000B\000a\000c\000k\000t\000r\000a\000c\000k\000i\000n\000g\000\040\000v\000s\000\040\000P\000S\000O}{section.4.2}% 71
\BOOKMARK [1][-]{section.4.3}{\376\377\000A\000n\000a\000l\000i\000s\000i\000s\000\040\000d\000a\000n\000\040\000P\000e\000m\000b\000a\000h\000a\000s\000a\000n}{chapter.4}% 72
\BOOKMARK [2][-]{subsection.4.3.1}{\376\377\000A\000n\000a\000l\000i\000s\000i\000s\000\040\000S\000k\000a\000l\000a\000b\000i\000l\000i\000t\000a\000s\000\040\000B\000a\000c\000k\000t\000r\000a\000c\000k\000i\000n\000g}{section.4.3}% 73
\BOOKMARK [2][-]{subsection.4.3.2}{\376\377\000A\000n\000a\000l\000i\000s\000i\000s\000\040\000P\000e\000n\000g\000a\000r\000u\000h\000\040\000P\000a\000r\000a\000m\000e\000t\000e\000r\000\040\000P\000S\000O}{section.4.3}% 74
\BOOKMARK [2][-]{subsection.4.3.3}{\376\377\000A\000n\000a\000l\000i\000s\000i\000s\000\040\000P\000e\000r\000b\000a\000n\000d\000i\000n\000g\000a\000n\000\040\000K\000e\000d\000u\000a\000\040\000P\000e\000n\000d\000e\000k\000a\000t\000a\000n}{section.4.3}% 75
\BOOKMARK [0][-]{chapter.5}{\376\377\000K\000e\000s\000i\000m\000p\000u\000l\000a\000n\000\040\000d\000a\000n\000\040\000S\000a\000r\000a\000n}{}% 76
\BOOKMARK [1][-]{section.5.1}{\376\377\000K\000e\000s\000i\000m\000p\000u\000l\000a\000n}{chapter.5}% 77
\BOOKMARK [1][-]{section.5.2}{\376\377\000S\000a\000r\000a\000n}{chapter.5}% 78
\BOOKMARK [0][-]{chapter*.57}{\376\377\000D\000a\000f\000t\000a\000r\000\040\000R\000e\000f\000e\000r\000e\000n\000s\000i}{}% 79
\BOOKMARK [0][-]{appendix.A}{\376\377\000K\000o\000d\000e\000\040\000P\000r\000o\000g\000r\000a\000m}{}% 80
\BOOKMARK [0][-]{appendix.B}{\376\377\000H\000a\000s\000i\000l\000\040\000E\000k\000s\000p\000e\000r\000i\000m\000e\000n}{}% 81
